<?xml version="1.0" encoding="UTF-8"?>
<!-- Generated by org.testng.reporters.JUnitReportReporter -->
<testsuite hostname="QA" failures="0" tests="1" name="expenses.Reports" time="7.231" errors="0" timestamp="2024-05-21T10:42:28 IST" skipped="0">
  <testcase classname="expenses.Reports" name="REP_TC_003" time="7.231"/>
  <system-out/>
</testsuite> <!-- expenses.Reports -->
