<?xml version="1.0" encoding="UTF-8"?>
<!-- Generated by org.testng.reporters.JUnitReportReporter -->
<testsuite hostname="Tarun1323" failures="0" tests="1" name="loginforgo.Sales" time="19.314" errors="0" timestamp="2024-05-16T19:58:32 IST" skipped="0">
  <testcase classname="loginforgo.Sales" name="TC77" time="19.314"/>
</testsuite> <!-- loginforgo.Sales -->
