<?xml version="1.0" encoding="UTF-8"?>
<!-- Generated by org.testng.reporters.JUnitReportReporter -->
<testsuite hostname="QA" failures="0" tests="1" name="expenses.Reports" time="7.917" errors="0" timestamp="2024-05-18T14:36:14 IST" skipped="0">
  <testcase classname="expenses.Reports" name="Report_Approvals_Search" time="7.917"/>
  <system-out/>
</testsuite> <!-- expenses.Reports -->
