<?xml version="1.0" encoding="UTF-8"?>
<!-- Generated by org.testng.reporters.JUnitReportReporter -->
<testsuite hostname="QA" failures="0" tests="1" name="expenses.Expenses" time="21.948" errors="0" timestamp="2024-05-14T14:26:14 IST" skipped="0">
  <testcase classname="expenses.Expenses" name="Create_Expense" time="21.948"/>
  <system-out/>
</testsuite> <!-- expenses.Expenses -->
