<?xml version="1.0" encoding="UTF-8"?>
<!-- Generated by org.testng.reporters.JUnitReportReporter -->
<testsuite hostname="QA" failures="0" tests="1" name="expenses.Reports" time="22.764" errors="0" timestamp="2024-05-16T19:00:08 IST" skipped="0">
  <testcase classname="expenses.Reports" name="Unlink_Expense_From_Report" time="22.764"/>
  <system-out/>
</testsuite> <!-- expenses.Reports -->
