<?xml version="1.0" encoding="UTF-8"?>
<!-- Generated by org.testng.reporters.JUnitReportReporter -->
<testsuite hostname="QA" failures="0" tests="1" name="expenses.Reports" time="25.720" errors="0" timestamp="2024-05-16T13:05:07 IST" skipped="0">
  <testcase classname="expenses.Reports" name="Report_Approvals_Filters" time="25.720"/>
  <system-out/>
</testsuite> <!-- expenses.Reports -->
