<?xml version="1.0" encoding="UTF-8"?>
<!-- Generated by org.testng.reporters.JUnitReportReporter -->
<testsuite hostname="QA" failures="0" tests="1" name="expenses.Expenses" time="9.197" errors="0" timestamp="2024-05-21T11:37:46 IST" skipped="0">
  <testcase classname="expenses.Expenses" name="EXP_TC_008" time="9.197"/>
  <system-out/>
</testsuite> <!-- expenses.Expenses -->
