<?xml version="1.0" encoding="UTF-8"?>
<!-- Generated by org.testng.reporters.JUnitReportReporter -->
<testsuite hostname="QA" failures="0" tests="1" name="expenses.Reports" time="19.918" errors="0" timestamp="2024-05-20T11:12:48 IST" skipped="0">
  <testcase classname="expenses.Reports" name="Report_Approvals_Filters" time="19.918"/>
  <system-out/>
</testsuite> <!-- expenses.Reports -->
