<?xml version="1.0" encoding="UTF-8"?>
<!-- Generated by org.testng.reporters.JUnitReportReporter -->
<testsuite hostname="QA" failures="0" tests="1" name="expenses.Reports" time="10.792" errors="0" timestamp="2024-05-20T11:56:17 IST" skipped="0">
  <testcase classname="expenses.Reports" name="Report_Approvals_Search" time="10.792"/>
  <system-out/>
</testsuite> <!-- expenses.Reports -->
