<?xml version="1.0" encoding="UTF-8"?>
<!-- Generated by org.testng.reporters.JUnitReportReporter -->
<testsuite hostname="QA" failures="0" tests="1" name="expenses.Reports" time="17.416" errors="0" timestamp="2024-05-21T17:25:30 IST" skipped="0">
  <testcase classname="expenses.Reports" name="REP_TC_023" time="17.416"/>
  <system-out/>
</testsuite> <!-- expenses.Reports -->
