<?xml version="1.0" encoding="UTF-8"?>
<!-- Generated by org.testng.reporters.JUnitReportReporter -->
<testsuite hostname="Tarun1323" failures="0" tests="1" name="sales.Sales" time="14.624" errors="0" timestamp="2024-05-20T12:09:17 IST" skipped="0">
  <testcase classname="sales.Sales" name="TC66" time="14.624"/>
</testsuite> <!-- sales.Sales -->
