<?xml version="1.0" encoding="UTF-8"?>
<!-- Generated by org.testng.reporters.JUnitReportReporter -->
<testsuite hostname="Tarun1323" failures="0" tests="1" name="Dashboard" time="14.560" errors="0" timestamp="2024-06-26T15:58:24 IST" skipped="0">
  <testcase classname="Dashboard" name="TC010" time="14.560"/>
  <system-out>
    <![CDATA[----Database connected Successfully----
----browser launched Successfully----
----Login Successfull----
----logout sucessfull----
----browser Closed Successfull----
----Database Closed Successfull----]]>
  </system-out>
</testsuite> <!-- Dashboard -->
