<?xml version="1.0" encoding="UTF-8"?>
<!-- Generated by org.testng.reporters.JUnitReportReporter -->
<testsuite hostname="QA" failures="0" tests="1" name="expenses.Reports" time="11.243" errors="0" timestamp="2024-05-29T13:32:20 IST" skipped="0">
  <testcase classname="expenses.Reports" name="REP_TC_018" time="11.243"/>
  <system-out/>
</testsuite> <!-- expenses.Reports -->
