<?xml version="1.0" encoding="UTF-8"?>
<!-- Generated by org.testng.reporters.JUnitReportReporter -->
<testsuite hostname="QA" failures="0" tests="1" name="settings.Company_Profile" time="5.844" errors="0" timestamp="2024-05-31T15:54:32 IST" skipped="0">
  <testcase classname="settings.Company_Profile" name="SET_TC_001" time="5.844"/>
  <system-out/>
</testsuite> <!-- settings.Company_Profile -->
