<?xml version="1.0" encoding="UTF-8"?>
<!-- Generated by org.testng.reporters.JUnitReportReporter -->
<testsuite hostname="QA" failures="0" tests="1" name="expenses.Advances" time="10.165" errors="0" timestamp="2024-05-24T17:26:13 IST" skipped="0">
  <testcase classname="expenses.Advances" name="ADV_TC_013" time="10.165"/>
  <system-out/>
</testsuite> <!-- expenses.Advances -->
