<?xml version="1.0" encoding="UTF-8"?>
<!-- Generated by org.testng.reporters.JUnitReportReporter -->
<testsuite hostname="QA" failures="0" tests="1" name="expenses.Reports" time="13.449" errors="0" timestamp="2024-06-27T18:49:26 IST" skipped="0">
  <testcase classname="expenses.Reports" name="REP_TC_012" time="13.449"/>
  <system-out>
    <![CDATA[Report created successfully]]>
  </system-out>
</testsuite> <!-- expenses.Reports -->
