<?xml version="1.0" encoding="UTF-8"?>
<!-- Generated by org.testng.reporters.JUnitReportReporter -->
<testsuite hostname="Tarun1323" failures="0" tests="1" name="expenses.Expenses" time="21.848" errors="0" timestamp="2024-05-22T12:00:32 IST" skipped="0">
  <testcase classname="expenses.Expenses" name="EXP_TC_001" time="21.848"/>
  <system-out>
    <![CDATA[----Database connected Successfully----
----browser launched Successfully----
----Login Successfull----
----logout sucessfull----
----browser Closed Successfull----
----Database Closed Successfull----]]>
  </system-out>
</testsuite> <!-- expenses.Expenses -->
