<?xml version="1.0" encoding="UTF-8"?>
<!-- Generated by org.testng.reporters.JUnitReportReporter -->
<testsuite hostname="QA" failures="0" tests="1" name="expenses.Reports" time="20.706" errors="0" timestamp="2024-05-15T19:42:36 IST" skipped="0">
  <testcase classname="expenses.Reports" name="Report_Approvals_Sort" time="20.706"/>
  <system-out/>
</testsuite> <!-- expenses.Reports -->
