<?xml version="1.0" encoding="UTF-8"?>
<!-- Generated by org.testng.reporters.JUnitReportReporter -->
<testsuite hostname="Tarun1323" failures="0" tests="1" name="loginforgo.Sales" time="12.399" errors="0" timestamp="2024-05-17T19:07:24 IST" skipped="0">
  <testcase classname="loginforgo.Sales" name="TC96" time="12.399"/>
</testsuite> <!-- loginforgo.Sales -->
