<?xml version="1.0" encoding="UTF-8"?>
<!-- Generated by org.testng.reporters.JUnitReportReporter -->
<testsuite hostname="Tarun1323" failures="0" tests="1" name="sales.Invoices" time="7.200" errors="0" timestamp="2024-05-21T19:03:53 IST" skipped="0">
  <testcase classname="sales.Invoices" name="TC71" time="7.200"/>
  <system-out>
    <![CDATA[----Database connected Successfully----
----browser launched Successfully----
----Login Successfull----
----logout sucessfull----
----browser Closed Successfull----
----Database Closed Successfull----]]>
  </system-out>
</testsuite> <!-- sales.Invoices -->
