<?xml version="1.0" encoding="UTF-8"?>
<!-- Generated by org.testng.reporters.JUnitReportReporter -->
<testsuite hostname="Tarun1323" failures="0" tests="1" name="sales.Delivery_Chalana" time="17.522" errors="0" timestamp="2024-05-27T12:09:25 IST" skipped="0">
  <testcase classname="sales.Delivery_Chalana" name="TC77" time="17.522"/>
  <system-out>
    <![CDATA[----Database connected Successfully----
----browser launched Successfully----
----Login Successfull----
----logout sucessfull----
----browser Closed Successfull----
----Database Closed Successfull----]]>
  </system-out>
</testsuite> <!-- sales.Delivery_Chalana -->
