<?xml version="1.0" encoding="UTF-8"?>
<!-- Generated by org.testng.reporters.JUnitReportReporter -->
<testsuite hostname="Tarun1323" failures="0" tests="10" name="DashBoard.OverView" time="79.581" errors="0" timestamp="2024-06-26T16:03:28 IST" skipped="0">
  <testcase classname="DashBoard.OverView" name="TC004" time="7.404"/>
  <testcase classname="DashBoard.OverView" name="TC001" time="6.320"/>
  <testcase classname="DashBoard.OverView" name="TC009" time="7.981"/>
  <testcase classname="DashBoard.OverView" name="TC002" time="6.255"/>
  <testcase classname="DashBoard.OverView" name="TC005" time="7.430"/>
  <testcase classname="DashBoard.OverView" name="TC010" time="14.219"/>
  <testcase classname="DashBoard.OverView" name="TC008" time="8.052"/>
  <testcase classname="DashBoard.OverView" name="TC003" time="7.426"/>
  <testcase classname="DashBoard.OverView" name="TC007" time="7.008"/>
  <testcase classname="DashBoard.OverView" name="TC006" time="7.486"/>
  <system-out>
    <![CDATA[----Database connected Successfully----
----browser launched Successfully----
----Login Successfull----
----logout sucessfull----
----Login Successfull----
----logout sucessfull----
----Login Successfull----
----logout sucessfull----
----Login Successfull----
----logout sucessfull----
----Login Successfull----
----logout sucessfull----
----Login Successfull----
----logout sucessfull----
----Login Successfull----
----logout sucessfull----
----Login Successfull----
----logout sucessfull----
----Login Successfull----
----logout sucessfull----
----Login Successfull----
----logout sucessfull----
----browser Closed Successfull----
----Database Closed Successfull----]]>
  </system-out>
</testsuite> <!-- DashBoard.OverView -->
