<?xml version="1.0" encoding="UTF-8"?>
<!-- Generated by org.testng.reporters.JUnitReportReporter -->
<testsuite hostname="QA" failures="0" tests="1" name="expenses.Trips" time="9.106" errors="0" timestamp="2024-05-30T19:13:21 IST" skipped="0">
  <testcase classname="expenses.Trips" name="TRIP_TC_014" time="9.106"/>
  <system-out/>
</testsuite> <!-- expenses.Trips -->
