<?xml version="1.0" encoding="UTF-8"?>
<!-- Generated by org.testng.reporters.JUnitReportReporter -->
<testsuite hostname="Tarun1323" failures="0" tests="1" name="Analytics.Expenses_Anyalytics" time="15.843" errors="0" timestamp="2024-06-27T12:52:00 IST" skipped="0">
  <testcase classname="Analytics.Expenses_Anyalytics" name="TC003" time="15.843"/>
  <system-out>
    <![CDATA[----Database connected Successfully----
----browser launched Successfully----
----Login Successfull----
----logout sucessfull----
----browser Closed Successfull----
----Database Closed Successfull----]]>
  </system-out>
</testsuite> <!-- Analytics.Expenses_Anyalytics -->
