<?xml version="1.0" encoding="UTF-8"?>
<!-- Generated by org.testng.reporters.JUnitReportReporter -->
<testsuite hostname="QA" failures="0" tests="60" name="settings.Users_Controls" time="567.626" errors="0" timestamp="2024-06-13T12:07:45 IST" skipped="0">
  <testcase classname="settings.Users_Controls" name="SET_UC_TC_011" time="9.413"/>
  <system-out/>
  <testcase classname="settings.Users_Controls" name="SET_UC_TC_031" time="9.753"/>
  <system-out/>
  <testcase classname="settings.Users_Controls" name="SET_UC_TC_069" time="9.698"/>
  <system-out/>
  <testcase classname="settings.Users_Controls" name="SET_UC_TC_001" time="17.146"/>
  <system-out/>
  <testcase classname="settings.Users_Controls" name="SET_UC_TC_014" time="9.342"/>
  <system-out/>
  <testcase classname="settings.Users_Controls" name="SET_UC_TC_008" time="9.299"/>
  <system-out/>
  <testcase classname="settings.Users_Controls" name="SET_UC_TC_046" time="8.014"/>
  <system-out/>
  <testcase classname="settings.Users_Controls" name="SET_UC_TC_006" time="9.959"/>
  <system-out/>
  <testcase classname="settings.Users_Controls" name="SET_UC_TC_034" time="8.253"/>
  <system-out/>
  <testcase classname="settings.Users_Controls" name="SET_UC_TC_042" time="9.515"/>
  <system-out/>
  <testcase classname="settings.Users_Controls" name="SET_UC_TC_067" time="9.279"/>
  <system-out/>
  <testcase classname="settings.Users_Controls" name="SET_UC_TC_070" time="7.982"/>
  <system-out/>
  <testcase classname="settings.Users_Controls" name="SET_UC_TC_056" time="9.829"/>
  <system-out/>
  <testcase classname="settings.Users_Controls" name="SET_UC_TC_003" time="6.848"/>
  <system-out/>
  <testcase classname="settings.Users_Controls" name="SET_UC_TC_044" time="9.733"/>
  <system-out/>
  <testcase classname="settings.Users_Controls" name="SET_UC_TC_057" time="9.252"/>
  <system-out/>
  <testcase classname="settings.Users_Controls" name="SET_UC_TC_050" time="9.515"/>
  <system-out/>
  <testcase classname="settings.Users_Controls" name="SET_UC_TC_045" time="9.390"/>
  <system-out/>
  <testcase classname="settings.Users_Controls" name="SET_UC_TC_007" time="8.123"/>
  <system-out/>
  <testcase classname="settings.Users_Controls" name="SET_UC_TC_024" time="9.525"/>
  <system-out/>
  <testcase classname="settings.Users_Controls" name="SET_UC_TC_062" time="9.687"/>
  <system-out/>
  <testcase classname="settings.Users_Controls" name="SET_UC_TC_005" time="11.426"/>
  <system-out/>
  <testcase classname="settings.Users_Controls" name="SET_UC_TC_052" time="8.115"/>
  <system-out/>
  <testcase classname="settings.Users_Controls" name="SET_UC_TC_022" time="8.133"/>
  <system-out/>
  <testcase classname="settings.Users_Controls" name="SET_UC_TC_049" time="9.383"/>
  <system-out/>
  <testcase classname="settings.Users_Controls" name="SET_UC_TC_055" time="9.398"/>
  <system-out/>
  <testcase classname="settings.Users_Controls" name="SET_UC_TC_037" time="10.397"/>
  <system-out/>
  <testcase classname="settings.Users_Controls" name="SET_UC_TC_021" time="9.508"/>
  <system-out/>
  <testcase classname="settings.Users_Controls" name="SET_UC_TC_043" time="9.481"/>
  <system-out/>
  <testcase classname="settings.Users_Controls" name="SET_UC_TC_060" time="9.413"/>
  <system-out/>
  <testcase classname="settings.Users_Controls" name="SET_UC_TC_063" time="9.530"/>
  <system-out/>
  <testcase classname="settings.Users_Controls" name="SET_UC_TC_039" time="9.463"/>
  <system-out/>
  <testcase classname="settings.Users_Controls" name="SET_UC_TC_040" time="8.006"/>
  <system-out/>
  <testcase classname="settings.Users_Controls" name="SET_UC_TC_064" time="8.107"/>
  <system-out/>
  <testcase classname="settings.Users_Controls" name="SET_UC_TC_032" time="9.722"/>
  <system-out/>
  <testcase classname="settings.Users_Controls" name="SET_UC_TC_033" time="9.324"/>
  <system-out/>
  <testcase classname="settings.Users_Controls" name="SET_UC_TC_016" time="7.978"/>
  <system-out/>
  <testcase classname="settings.Users_Controls" name="SET_UC_TC_030" time="9.525"/>
  <system-out/>
  <testcase classname="settings.Users_Controls" name="SET_UC_TC_036" time="9.278"/>
  <system-out/>
  <testcase classname="settings.Users_Controls" name="SET_UC_TC_038" time="9.683"/>
  <system-out/>
  <testcase classname="settings.Users_Controls" name="SET_UC_TC_066" time="9.315"/>
  <system-out/>
  <testcase classname="settings.Users_Controls" name="SET_UC_TC_054" time="9.319"/>
  <system-out/>
  <testcase classname="settings.Users_Controls" name="SET_UC_TC_026" time="10.131"/>
  <system-out/>
  <testcase classname="settings.Users_Controls" name="SET_UC_TC_002" time="12.588"/>
  <system-out/>
  <testcase classname="settings.Users_Controls" name="SET_UC_TC_013" time="9.413"/>
  <system-out/>
  <testcase classname="settings.Users_Controls" name="SET_UC_TC_051" time="9.373"/>
  <system-out/>
  <testcase classname="settings.Users_Controls" name="SET_UC_TC_058" time="7.989"/>
  <system-out/>
  <testcase classname="settings.Users_Controls" name="SET_UC_TC_061" time="9.491"/>
  <system-out/>
  <testcase classname="settings.Users_Controls" name="SET_UC_TC_027" time="9.331"/>
  <system-out/>
  <testcase classname="settings.Users_Controls" name="SET_UC_TC_048" time="9.362"/>
  <system-out/>
  <testcase classname="settings.Users_Controls" name="SET_UC_TC_068" time="9.498"/>
  <system-out/>
  <testcase classname="settings.Users_Controls" name="SET_UC_TC_018" time="9.336"/>
  <system-out/>
  <testcase classname="settings.Users_Controls" name="SET_UC_TC_028" time="8.109"/>
  <system-out/>
  <testcase classname="settings.Users_Controls" name="SET_UC_TC_020" time="9.725"/>
  <system-out/>
  <testcase classname="settings.Users_Controls" name="SET_UC_TC_004" time="14.921"/>
  <system-out/>
  <testcase classname="settings.Users_Controls" name="SET_UC_TC_009" time="8.214"/>
  <system-out/>
  <testcase classname="settings.Users_Controls" name="SET_UC_TC_010" time="8.119"/>
  <system-out/>
  <testcase classname="settings.Users_Controls" name="SET_UC_TC_025" time="9.439"/>
  <system-out/>
  <testcase classname="settings.Users_Controls" name="SET_UC_TC_012" time="9.226"/>
  <system-out/>
  <testcase classname="settings.Users_Controls" name="SET_UC_TC_019" time="9.302"/>
  <system-out/>
</testsuite> <!-- settings.Users_Controls -->
