<?xml version="1.0" encoding="UTF-8"?>
<!-- Generated by org.testng.reporters.JUnitReportReporter -->
<testsuite hostname="Tarun1323" failures="0" tests="1" name="Purchases.Payments_Made" time="20.655" errors="0" timestamp="2024-06-14T19:01:24 IST" skipped="0">
  <testcase classname="Purchases.Payments_Made" name="PM_TC004" time="20.655"/>
  <system-out>
    <![CDATA[----Database connected Successfully----
----browser launched Successfully----
----Login Successfull----
----logout sucessfull----
----browser Closed Successfull----
----Database Closed Successfull----]]>
  </system-out>
</testsuite> <!-- Purchases.Payments_Made -->
