<?xml version="1.0" encoding="UTF-8"?>
<!-- Generated by org.testng.reporters.JUnitReportReporter -->
<testsuite hostname="Tarun1323" failures="0" tests="1" name="Purchases.Vendor" time="16.958" errors="0" timestamp="2024-05-23T15:56:58 IST" skipped="0">
  <testcase classname="Purchases.Vendor" name="VND_TC004" time="16.958"/>
  <system-out>
    <![CDATA[----Database connected Successfully----
----browser launched Successfully----
----Login Successfull----
----logout sucessfull----
----browser Closed Successfull----
----Database Closed Successfull----]]>
  </system-out>
</testsuite> <!-- Purchases.Vendor -->
