<?xml version="1.0" encoding="UTF-8"?>
<!-- Generated by org.testng.reporters.JUnitReportReporter -->
<testsuite hostname="QA" failures="0" tests="1" name="expenses.Advances" time="11.387" errors="0" timestamp="2024-05-31T15:57:42 IST" skipped="0">
  <testcase classname="expenses.Advances" name="ADV_TC_001" time="11.387"/>
  <system-out/>
</testsuite> <!-- expenses.Advances -->
