<?xml version="1.0" encoding="UTF-8"?>
<!-- Generated by org.testng.reporters.JUnitReportReporter -->
<testsuite hostname="Tarun1323" failures="0" tests="1" name="sales.Customers" time="6.816" errors="0" timestamp="2024-05-20T17:36:55 IST" skipped="0">
  <testcase classname="sales.Customers" name="TC7" time="6.816"/>
  <system-out>
    <![CDATA[----Database connected Successfully----
----browser launched Successfully----
----Login Successfull----
----logout sucessfull----
----browser Closed Successfull----
----Database Closed Successfull----]]>
  </system-out>
</testsuite> <!-- sales.Customers -->
