<?xml version="1.0" encoding="UTF-8"?>
<!-- Generated by org.testng.reporters.JUnitReportReporter -->
<testsuite hostname="Tarun1323" failures="0" tests="1" name="sales.Sales" time="16.784" errors="0" timestamp="2024-05-20T17:29:44 IST" skipped="0">
  <testcase classname="sales.Sales" name="TC17" time="16.784"/>
</testsuite> <!-- sales.Sales -->
