<?xml version="1.0" encoding="UTF-8"?>
<!-- Generated by org.testng.reporters.JUnitReportReporter -->
<testsuite hostname="QA" failures="0" tests="1" name="expenses.Advances" time="15.713" errors="0" timestamp="2024-05-27T15:05:44 IST" skipped="0">
  <testcase classname="expenses.Advances" name="ADV_TC_018" time="15.713"/>
  <system-out/>
</testsuite> <!-- expenses.Advances -->
