<?xml version="1.0" encoding="UTF-8"?>
<!-- Generated by org.testng.reporters.JUnitReportReporter -->
<testsuite hostname="Tarun1323" failures="0" tests="1" name="sales.Invoices" time="13.522" errors="0" timestamp="2024-06-14T15:55:02 IST" skipped="0">
  <testcase classname="sales.Invoices" name="TC85" time="13.522"/>
  <system-out>
    <![CDATA[----Database connected Successfully----
----browser launched Successfully----
----Login Successfull----
----logout sucessfull----
----browser Closed Successfull----
----Database Closed Successfull----]]>
  </system-out>
</testsuite> <!-- sales.Invoices -->
