<?xml version="1.0" encoding="UTF-8"?>
<!-- Generated by org.testng.reporters.JUnitReportReporter -->
<testsuite hostname="Tarun1323" failures="0" tests="1" name="sales.Payment_Received" time="12.481" errors="0" timestamp="2024-05-20T11:30:11 IST" skipped="0">
  <testcase classname="sales.Payment_Received" name="TC96" time="12.481"/>
</testsuite> <!-- sales.Payment_Received -->
