<?xml version="1.0" encoding="UTF-8"?>
<!-- Generated by org.testng.reporters.JUnitReportReporter -->
<testsuite hostname="Tarun1323" failures="0" tests="1" name="Analytics.Sales_Analytics" time="17.949" errors="0" timestamp="2024-06-27T15:03:55 IST" skipped="0">
  <testcase classname="Analytics.Sales_Analytics" name="TC005" time="17.949"/>
  <system-out>
    <![CDATA[----Database connected Successfully----
----browser launched Successfully----
----Login Successfull----
----logout sucessfull----
----browser Closed Successfull----
----Database Closed Successfull----]]>
  </system-out>
</testsuite> <!-- Analytics.Sales_Analytics -->
